SF:lib/app.dart
DA:6,1
DA:8,0
DA:10,0
DA:13,0
DA:14,0
LF:5
LH:1
end_of_record
SF:lib/core/theme.dart
DA:3,0
DA:4,0
DA:11,0
LF:3
LH:0
end_of_record
SF:lib/views/root_shell.dart
DA:9,1
DA:11,0
DA:12,0
DA:18,0
DA:20,0
DA:21,0
DA:22,0
DA:23,0
DA:24,0
DA:25,0
DA:29,0
DA:30,0
DA:31,0
DA:32,0
DA:33,0
LF:15
LH:1
end_of_record
SF:lib/controllers/camera_controller.dart
DA:8,0
DA:9,0
DA:10,0
LF:3
LH:0
end_of_record
SF:lib/controllers/collection_controller.dart
DA:7,0
DA:9,0
DA:10,0
DA:12,0
DA:13,0
DA:14,0
DA:17,0
DA:18,0
DA:19,0
DA:22,0
LF:10
LH:0
end_of_record
SF:lib/models/vehicle.dart
DA:10,1
DA:20,0
LF:2
LH:1
end_of_record
SF:lib/repositories/vehicle_repository.dart
DA:7,0
DA:8,0
DA:10,0
DA:11,0
DA:12,0
DA:15,0
DA:16,0
DA:19,0
LF:8
LH:0
end_of_record
SF:lib/controllers/feed_controller.dart
DA:7,0
DA:9,0
DA:11,0
DA:12,0
DA:13,0
LF:5
LH:0
end_of_record
SF:lib/models/feed_item.dart
DA:15,0
LF:1
LH:0
end_of_record
SF:lib/repositories/feed_repository.dart
DA:7,0
DA:9,0
DA:10,0
DA:11,0
DA:12,0
DA:13,0
DA:14,0
LF:7
LH:0
end_of_record
SF:lib/models/user.dart
DA:9,1
LF:1
LH:1
end_of_record
SF:lib/data/seed.dart
DA:4,0
DA:37,0
DA:38,0
DA:43,0
DA:44,0
DA:50,0
DA:55,0
DA:56,0
DA:62,0
DA:67,0
DA:68,0
LF:11
LH:0
end_of_record
SF:lib/main.dart
DA:12,0
DA:13,0
DA:16,0
DA:17,0
DA:18,0
DA:19,0
DA:20,0
DA:21,0
DA:22,0
DA:23,0
DA:24,0
DA:25,0
LF:12
LH:0
end_of_record
SF:lib/views/camera/camera_view.dart
DA:6,0
DA:8,0
DA:10,0
DA:12,0
DA:13,0
DA:14,0
DA:15,0
DA:20,0
DA:23,0
DA:27,0
DA:29,0
DA:31,0
LF:12
LH:0
end_of_record
SF:lib/views/collection/collection_view.dart
DA:7,0
DA:9,0
DA:11,0
DA:12,0
DA:14,0
DA:15,0
DA:16,0
DA:18,0
DA:22,0
DA:23,0
DA:24,0
DA:26,0
LF:12
LH:0
end_of_record
SF:lib/views/widgets/vehicle_card.dart
DA:11,0
DA:18,0
DA:20,0
DA:21,0
DA:23,0
DA:24,0
DA:25,0
DA:27,0
DA:28,0
DA:29,0
DA:31,0
DA:32,0
DA:33,0
DA:34,0
DA:35,0
DA:37,0
DA:38,0
DA:41,0
DA:42,0
DA:43,0
DA:44,0
LF:21
LH:0
end_of_record
SF:lib/views/feed/feed_view.dart
DA:8,0
DA:10,0
DA:12,0
DA:13,0
DA:15,0
DA:16,0
DA:17,0
DA:19,0
DA:20,0
DA:21,0
DA:31,0
DA:33,0
DA:35,0
DA:36,0
DA:37,0
DA:39,0
DA:40,0
DA:41,0
DA:42,0
DA:43,0
DA:45,0
DA:46,0
DA:48,0
DA:49,0
DA:51,0
DA:53,0
DA:54,0
DA:55,0
DA:56,0
DA:57,0
DA:59,0
DA:63,0
LF:32
LH:0
end_of_record
SF:lib/views/widgets/async_net_image.dart
DA:10,0
DA:19,0
DA:21,0
DA:22,0
DA:23,0
DA:24,0
DA:25,0
DA:26,0
DA:27,0
DA:28,0
DA:29,0
DA:30,0
DA:31,0
DA:35,0
DA:36,0
DA:37,0
LF:16
LH:0
end_of_record
SF:lib/views/pokedex/pokedex_view.dart
DA:8,0
DA:10,0
DA:12,0
DA:13,0
DA:15,0
DA:16,0
DA:17,0
DA:21,0
DA:22,0
DA:23,0
DA:24,0
DA:25,0
DA:28,0
LF:13
LH:0
end_of_record
SF:lib/views/profile/profile_view.dart
DA:6,0
DA:8,0
DA:10,0
DA:11,0
DA:13,0
DA:14,0
DA:15,0
DA:17,0
DA:18,0
DA:19,0
DA:21,0
DA:22,0
DA:24,0
LF:13
LH:0
end_of_record
SF:lib/views/vehicle_detail/vehicle_detail_modal.dart
DA:4,0
DA:10,0
DA:18,0
DA:27,0
DA:29,0
DA:31,0
DA:33,0
DA:36,0
DA:37,0
DA:39,0
DA:40,0
DA:41,0
DA:44,0
DA:45,0
DA:46,0
DA:47,0
DA:50,0
DA:51,0
DA:52,0
DA:53,0
DA:56,0
DA:57,0
DA:71,0
DA:73,0
DA:75,0
DA:76,0
DA:78,0
DA:79,0
DA:80,0
DA:82,0
DA:83,0
DA:85,0
LF:32
LH:0
end_of_record
